Build started 8/29/2016 1:20:26 AM.
     1>Project "C:\Users\Ioana\Documents\Visual Studio 2012\Projects\tenisIoana_git\tenisIoana\tenisIoana.vcxproj" on node 2 (Build target(s)).
     1>ClCompile:
         C:\Program Files (x86)\Microsoft Visual Studio 11.0\VC\bin\CL.exe /c /ZI /nologo /W3 /WX- /Od /Oy- /D WIN32 /D _DEBUG /D _CONSOLE /D _UNICODE /D UNICODE /Gm /EHsc /RTC1 /MDd /GS /fp:precise /Zc:wchar_t /Zc:forScope /Fo"Debug\\" /Fd"Debug\vc110.pdb" /Gd /TP /analyze- /errorReport:prompt Bilet.cpp CAdresa.cpp CUser.cpp Inchiriere.cpp UserFactory.cpp _Bilet.cpp _CUser.cpp
         _Bilet.cpp
     1>c:\users\ioana\documents\visual studio 2012\projects\tenisioana_git\tenisioana\_bilet.cpp(10): error C2084: function '_Bilet::~_Bilet(void)' already has a body
                 c:\users\ioana\documents\visual studio 2012\projects\tenisioana_git\tenisioana\_bilet.h(31) : see previous definition of '{dtor}'
         Inchiriere.cpp
     1>c:\users\ioana\documents\visual studio 2012\projects\tenisioana_git\tenisioana\inchiriere.cpp(10): error C2084: function 'Inchiriere::~Inchiriere(void)' already has a body
                 c:\users\ioana\documents\visual studio 2012\projects\tenisioana_git\tenisioana\inchiriere.h(23) : see previous definition of '{dtor}'
         Bilet.cpp
     1>c:\users\ioana\documents\visual studio 2012\projects\tenisioana_git\tenisioana\bilet.cpp(6): error C2440: 'return' : cannot convert from 'BiletScump *' to 'Bilet *'
                 Types pointed to are unrelated; conversion requires reinterpret_cast, C-style cast or function-style cast
     1>c:\users\ioana\documents\visual studio 2012\projects\tenisioana_git\tenisioana\bilet.cpp(11): error C2440: 'return' : cannot convert from 'BiletIeftin *' to 'Bilet *'
                 Types pointed to are unrelated; conversion requires reinterpret_cast, C-style cast or function-style cast
         Generating Code...
         Compiling...
         CAdresa.cpp
         Generating Code...
         Compiling...
         _CUser.cpp
     1>c:\users\ioana\documents\visual studio 2012\projects\tenisioana_git\tenisioana\_cuser.cpp(135): warning C4996: 'strcpy': This function or variable may be unsafe. Consider using strcpy_s instead. To disable deprecation, use _CRT_SECURE_NO_WARNINGS. See online help for details.
                 c:\program files (x86)\microsoft visual studio 11.0\vc\include\string.h(110) : see declaration of 'strcpy'
     1>c:\users\ioana\documents\visual studio 2012\projects\tenisioana_git\tenisioana\_cuser.cpp(181): warning C4996: 'strcpy': This function or variable may be unsafe. Consider using strcpy_s instead. To disable deprecation, use _CRT_SECURE_NO_WARNINGS. See online help for details.
                 c:\program files (x86)\microsoft visual studio 11.0\vc\include\string.h(110) : see declaration of 'strcpy'
     1>c:\users\ioana\documents\visual studio 2012\projects\tenisioana_git\tenisioana\_cuser.cpp(210): warning C4390: ';' : empty controlled statement found; is this the intent?
     1>c:\users\ioana\documents\visual studio 2012\projects\tenisioana_git\tenisioana\_cuser.cpp(274): warning C4996: 'fopen': This function or variable may be unsafe. Consider using fopen_s instead. To disable deprecation, use _CRT_SECURE_NO_WARNINGS. See online help for details.
                 c:\program files (x86)\microsoft visual studio 11.0\vc\include\stdio.h(218) : see declaration of 'fopen'
     1>c:\users\ioana\documents\visual studio 2012\projects\tenisioana_git\tenisioana\_cuser.cpp(294): warning C4996: 'strcpy': This function or variable may be unsafe. Consider using strcpy_s instead. To disable deprecation, use _CRT_SECURE_NO_WARNINGS. See online help for details.
                 c:\program files (x86)\microsoft visual studio 11.0\vc\include\string.h(110) : see declaration of 'strcpy'
     1>c:\users\ioana\documents\visual studio 2012\projects\tenisioana_git\tenisioana\_cuser.cpp(357): warning C4996: 'strtok': This function or variable may be unsafe. Consider using strtok_s instead. To disable deprecation, use _CRT_SECURE_NO_WARNINGS. See online help for details.
                 c:\program files (x86)\microsoft visual studio 11.0\vc\include\string.h(200) : see declaration of 'strtok'
     1>c:\users\ioana\documents\visual studio 2012\projects\tenisioana_git\tenisioana\_cuser.cpp(378): warning C4996: 'strtok': This function or variable may be unsafe. Consider using strtok_s instead. To disable deprecation, use _CRT_SECURE_NO_WARNINGS. See online help for details.
                 c:\program files (x86)\microsoft visual studio 11.0\vc\include\string.h(200) : see declaration of 'strtok'
     1>c:\users\ioana\documents\visual studio 2012\projects\tenisioana_git\tenisioana\_cuser.cpp(434): warning C4996: 'strcpy': This function or variable may be unsafe. Consider using strcpy_s instead. To disable deprecation, use _CRT_SECURE_NO_WARNINGS. See online help for details.
                 c:\program files (x86)\microsoft visual studio 11.0\vc\include\string.h(110) : see declaration of 'strcpy'
         UserFactory.cpp
     1>c:\users\ioana\documents\visual studio 2012\projects\tenisioana_git\tenisioana\userfactory.h(2): warning C4067: unexpected tokens following preprocessor directive - expected a newline
         CUser.cpp
         Generating Code...
     1>Done Building Project "C:\Users\Ioana\Documents\Visual Studio 2012\Projects\tenisIoana_git\tenisIoana\tenisIoana.vcxproj" (Build target(s)) -- FAILED.

Build FAILED.

Time Elapsed 00:00:03.46
